Determining if the pthread_create exist failed with the following output:
Change Dir: /home/zook/CLionProjects/TCP Network/cmake-build-debug/CMakeFiles/CMakeTmp

Run Build Command:"/usr/bin/make" "cmTC_0b53c/fast"
/usr/bin/make -f CMakeFiles/cmTC_0b53c.dir/build.make CMakeFiles/cmTC_0b53c.dir/build
make[1]: Entering directory '/home/zook/CLionProjects/TCP Network/cmake-build-debug/CMakeFiles/CMakeTmp'
Building C object CMakeFiles/cmTC_0b53c.dir/CheckSymbolExists.c.o
/usr/bin/cc    -o CMakeFiles/cmTC_0b53c.dir/CheckSymbolExists.c.o   -c "/home/zook/CLionProjects/TCP Network/cmake-build-debug/CMakeFiles/CMakeTmp/CheckSymbolExists.c"
Linking C executable cmTC_0b53c
/home/zook/clion-2017.2.3/bin/cmake/bin/cmake -E cmake_link_script CMakeFiles/cmTC_0b53c.dir/link.txt --verbose=1
/usr/bin/cc      CMakeFiles/cmTC_0b53c.dir/CheckSymbolExists.c.o  -o cmTC_0b53c 
CMakeFiles/cmTC_0b53c.dir/CheckSymbolExists.c.o: In function `main':
CheckSymbolExists.c:(.text+0x1b): undefined reference to `pthread_create'
collect2: error: ld returned 1 exit status
CMakeFiles/cmTC_0b53c.dir/build.make:97: recipe for target 'cmTC_0b53c' failed
make[1]: *** [cmTC_0b53c] Error 1
make[1]: Leaving directory '/home/zook/CLionProjects/TCP Network/cmake-build-debug/CMakeFiles/CMakeTmp'
Makefile:126: recipe for target 'cmTC_0b53c/fast' failed
make: *** [cmTC_0b53c/fast] Error 2

File /home/zook/CLionProjects/TCP Network/cmake-build-debug/CMakeFiles/CMakeTmp/CheckSymbolExists.c:
/* */
#include <pthread.h>

int main(int argc, char** argv)
{
  (void)argv;
#ifndef pthread_create
  return ((int*)(&pthread_create))[argc];
#else
  (void)argc;
  return 0;
#endif
}

Determining if the function pthread_create exists in the pthreads failed with the following output:
Change Dir: /home/zook/CLionProjects/TCP Network/cmake-build-debug/CMakeFiles/CMakeTmp

Run Build Command:"/usr/bin/make" "cmTC_8141d/fast"
/usr/bin/make -f CMakeFiles/cmTC_8141d.dir/build.make CMakeFiles/cmTC_8141d.dir/build
make[1]: Entering directory '/home/zook/CLionProjects/TCP Network/cmake-build-debug/CMakeFiles/CMakeTmp'
Building C object CMakeFiles/cmTC_8141d.dir/CheckFunctionExists.c.o
/usr/bin/cc   -DCHECK_FUNCTION_EXISTS=pthread_create   -o CMakeFiles/cmTC_8141d.dir/CheckFunctionExists.c.o   -c /home/zook/clion-2017.2.3/bin/cmake/share/cmake-3.8/Modules/CheckFunctionExists.c
Linking C executable cmTC_8141d
/home/zook/clion-2017.2.3/bin/cmake/bin/cmake -E cmake_link_script CMakeFiles/cmTC_8141d.dir/link.txt --verbose=1
/usr/bin/cc  -DCHECK_FUNCTION_EXISTS=pthread_create    CMakeFiles/cmTC_8141d.dir/CheckFunctionExists.c.o  -o cmTC_8141d -lpthreads 
/usr/bin/ld: cannot find -lpthreads
collect2: error: ld returned 1 exit status
CMakeFiles/cmTC_8141d.dir/build.make:97: recipe for target 'cmTC_8141d' failed
make[1]: *** [cmTC_8141d] Error 1
make[1]: Leaving directory '/home/zook/CLionProjects/TCP Network/cmake-build-debug/CMakeFiles/CMakeTmp'
Makefile:126: recipe for target 'cmTC_8141d/fast' failed
make: *** [cmTC_8141d/fast] Error 2


